2015-04-21 19:02:36,889 INFO  [main] stencyl.sw.Session: Logfile: /Users/milo/stencylworks/logs/2015-04-21_19-02-36.log
2015-04-21 19:02:36,897 INFO  [main] stencyl.sw.Session: OS Name: Mac OS X
2015-04-21 19:02:36,897 INFO  [main] stencyl.sw.Session: OS Version: 10.10.3
2015-04-21 19:02:36,897 INFO  [main] stencyl.sw.Session: Java Version: 1.8.0_45
2015-04-21 19:02:36,898 INFO  [main] stencyl.sw.Session: Stencyl Version: 3.3.0 (b8281)
2015-04-21 19:02:36,899 INFO  [main] stencyl.sw.Session: Stencyl Workspace: /Users/milo/
2015-04-21 19:02:36,899 INFO  [main] stencyl.sw.Session: Current Working Directory: /Applications/Stencyl-full
2015-04-21 19:02:36,922 DEBUG [main] stencyl.sw.util.FileHelper: Deleting: /var/folders/wc/3f7x7yk54vvbmfdgqmbr7x780000gn/T/stencyl9172661182994506364
2015-04-21 19:02:37,121 INFO  [AWT-EventQueue-0] stencyl.sw.SW: Initializing Stencyl.
2015-04-21 19:02:37,204 DEBUG [Thread-2] stencyl.sw.util.StreamGobbler: [xcodebuild] Xcode 6.3
2015-04-21 19:02:37,206 DEBUG [Thread-2] stencyl.sw.util.StreamGobbler: [xcodebuild] Build version 6D570
2015-04-21 19:02:37,212 INFO  [AWT-EventQueue-0] stencyl.sw.app.filewatcher.ExternalAppLauncher: Xcode found in the /Applications/Xcode.app/Contents/Developer directory (4.3 or newer).
2015-04-21 19:02:37,212 INFO  [AWT-EventQueue-0] stencyl.sw.app.filewatcher.ExternalAppLauncher: Xcode Version: 6.3
2015-04-21 19:02:37,213 DEBUG [AWT-EventQueue-0] stencyl.sw.editors.game.advanced.EngineExtension: Loading engine extensions...
2015-04-21 19:02:37,214 DEBUG [AWT-EventQueue-0] stencyl.sw.util.FileHelper: Contents of /Users/milo/stencylworks/engine-extensions: []
2015-04-21 19:02:37,214 INFO  [AWT-EventQueue-0] stencyl.sw.editors.game.advanced.EngineExtension: Engine Extensions: []
2015-04-21 19:02:37,219 DEBUG [AWT-EventQueue-0] stencyl.sw.util.FileHelper: Contents of /Users/milo/stencylworks/extensions: []
2015-04-21 19:02:37,942 DEBUG [AWT-EventQueue-0] stencyl.sw.app.doc.Workspace: Activated: Welcome Center
2015-04-21 19:02:37,951 DEBUG [AWT-EventQueue-0] stencyl.sw.app.App: Silent Authentication.
2015-04-21 19:02:38,473 DEBUG [pool-1-thread-1] stencyl.sw.app.tasks.AuthenticateTask: Response: user:::plans0
2015-04-21 19:02:38,474 DEBUG [pool-1-thread-1] stencyl.sw.util.FileHelper: Deleting: /Users/milo/stencylworks/prefs/auth.txt
2015-04-21 19:02:38,476 INFO  [pool-1-thread-1] stencyl.sw.app.tasks.AuthenticateTask: Logged in as: RipeTheWorld
2015-04-21 19:02:38,477 INFO  [pool-1-thread-1] stencyl.sw.app.tasks.AuthenticateTask: Usergroup: Registered
2015-04-21 19:02:38,915 DEBUG [pool-1-thread-1] stencyl.sw.app.tasks.AuthenticateTask: 200
2015-04-21 19:02:52,098 DEBUG [AWT-EventQueue-0] stencyl.sw.util.FileHelper: Deleting: /private/var/folders/wc/3f7x7yk54vvbmfdgqmbr7x780000gn/T/stencyl9172661182994506364/sandbox/test/temp
2015-04-21 19:02:52,102 DEBUG [AWT-EventQueue-0] stencyl.sw.util.FileHelper: Deleting: /Users/milo/stencylworks/preview/scripts
2015-04-21 19:02:52,111 DEBUG [AWT-EventQueue-0] stencyl.sw.util.FileHelper: Trying to delete file that does not exist: /Users/milo/stencylworks/preview/game
2015-04-21 19:02:52,157 DEBUG [pool-1-thread-1] stencyl.core.lib.Game: Loading scene-specific snippet. SceneID: 0
2015-04-21 19:02:52,163 DEBUG [pool-1-thread-1] stencyl.core.lib.ResourceList: Initializing... 4 : Bullet
2015-04-21 19:02:52,164 DEBUG [pool-1-thread-1] stencyl.core.lib.ResourceList: Initializing... 5 : Bullet
2015-04-21 19:02:52,173 DEBUG [pool-1-thread-1] stencyl.core.lib.ResourceList: Initializing... 10 : Default Font
2015-04-21 19:02:52,176 DEBUG [pool-1-thread-1] stencyl.core.lib.ResourceList: Initializing... 2 : Enemy Ship
2015-04-21 19:02:52,176 DEBUG [pool-1-thread-1] stencyl.core.lib.ResourceList: Initializing... 3 : Enemy Ship
2015-04-21 19:02:52,177 DEBUG [pool-1-thread-1] stencyl.core.lib.ResourceList: Initializing... 7 : Explosion
2015-04-21 19:02:52,177 DEBUG [pool-1-thread-1] stencyl.core.lib.ResourceList: Initializing... 8 : General Shooter Spacey Level
2015-04-21 19:02:52,177 DEBUG [pool-1-thread-1] stencyl.core.lib.ResourceList: Initializing... 0 : Ship
2015-04-21 19:02:52,178 DEBUG [pool-1-thread-1] stencyl.core.lib.ResourceList: Initializing... 1 : Ship
2015-04-21 19:02:52,179 DEBUG [pool-1-thread-1] stencyl.core.lib.ResourceList: Initializing... 9 : Stars
2015-04-21 19:02:52,191 DEBUG [pool-1-thread-1] stencyl.core.engine.sound.ISoundClip: Loading Sound 7
2015-04-21 19:02:52,191 DEBUG [pool-1-thread-1] stencyl.core.engine.sound.ISoundClip: Loading Sound 8
2015-04-21 19:02:52,258 DEBUG [AWT-EventQueue-0] stencyl.core.lib.io.read.SceneReader: Reading header for Scene: 0 (Level One) from: scenes/0.xml
2015-04-21 19:02:52,270 DEBUG [AWT-EventQueue-0] stencyl.core.lib.io.read.SceneReader: Reading header for Scene: 0 (Level One) from: scenes/0.xml
2015-04-21 19:02:52,357 DEBUG [AWT-EventQueue-0] stencyl.sw.app.doc.Workspace: Activated: Dashboard
2015-04-21 19:02:52,358 DEBUG [AWT-EventQueue-0] stencyl.sw.util.FileHelper: Trying to delete file that does not exist: /private/var/folders/wc/3f7x7yk54vvbmfdgqmbr7x780000gn/T/stencyl9172661182994506364/sandbox/build/code
2015-04-21 19:02:52,359 DEBUG [AWT-EventQueue-0] stencyl.sw.util.FileHelper: Deleting: /private/var/folders/wc/3f7x7yk54vvbmfdgqmbr7x780000gn/T/stencyl9172661182994506364/sandbox/test/temp
2015-04-21 19:02:52,365 DEBUG [AWT-EventQueue-0] stencyl.core.lib.io.read.SceneReader: Reading header for Scene: 0 (Level One) from: scenes/0.xml
2015-04-21 19:02:52,472 DEBUG [AWT-EventQueue-0] stencyl.sw.app.tasks.OpenGameTask: Took 361ms
2015-04-21 19:02:52,649 DEBUG [AWT-EventQueue-0] stencyl.sw.editors.game.cgroups.CollisionGroupTree: Loading actor group into tree: Actors
2015-04-21 19:02:52,659 DEBUG [AWT-EventQueue-0] stencyl.sw.editors.game.cgroups.CollisionGroupTree: Loading actor group into tree: Doodads
2015-04-21 19:02:52,665 DEBUG [AWT-EventQueue-0] stencyl.sw.editors.game.cgroups.CollisionGroupTree: Loading actor group into tree: Players
2015-04-21 19:02:52,667 DEBUG [AWT-EventQueue-0] stencyl.sw.editors.game.cgroups.CollisionGroupTree: Loading actor group into tree: Regions
2015-04-21 19:02:52,675 DEBUG [AWT-EventQueue-0] stencyl.sw.editors.game.cgroups.CollisionGroupTree: Loading actor group into tree: Tiles
2015-04-21 19:02:52,679 DEBUG [AWT-EventQueue-0] stencyl.sw.editors.game.cgroups.CollisionGroupTree: Loading actor group into tree: Bullets
2015-04-21 19:02:52,683 DEBUG [AWT-EventQueue-0] stencyl.sw.editors.game.cgroups.CollisionGroupTree: Loading actor group into tree: Enemies
2015-04-21 19:02:53,116 DEBUG [AWT-EventQueue-0] stencyl.sw.editors.game.mobile.MobilePage: Found the following simulator versions: [iPhoneSimulator.sdk, iPhoneSimulator8.3.sdk]
2015-04-21 19:02:53,417 DEBUG [AWT-EventQueue-0] stencyl.core.lib.Atlas: Getting memory for atlas 0
2015-04-21 19:02:53,417 DEBUG [AWT-EventQueue-0] stencyl.core.lib.Atlas: Added resource 'Ship' to atlas 0
2015-04-21 19:02:53,417 DEBUG [AWT-EventQueue-0] stencyl.core.lib.Atlas: Added resource 'Enemy Ship' to atlas 0
2015-04-21 19:02:53,417 DEBUG [AWT-EventQueue-0] stencyl.core.lib.Atlas: Added resource 'Bullet' to atlas 0
2015-04-21 19:02:53,417 DEBUG [AWT-EventQueue-0] stencyl.core.lib.Atlas: Added resource 'Explosion' to atlas 0
2015-04-21 19:02:53,418 DEBUG [AWT-EventQueue-0] stencyl.core.lib.Atlas: Added resource 'General Shooter Spacey Level' to atlas 0
2015-04-21 19:02:53,418 DEBUG [AWT-EventQueue-0] stencyl.core.lib.Atlas: Added resource 'Stars' to atlas 0
2015-04-21 19:02:53,418 DEBUG [AWT-EventQueue-0] stencyl.core.lib.Atlas: Added resource 'Default Font' to atlas 0
2015-04-21 19:02:53,423 DEBUG [AWT-EventQueue-0] stencyl.core.lib.Atlas: Getting memory for atlas 1
2015-04-21 19:02:53,426 DEBUG [AWT-EventQueue-0] stencyl.core.lib.Atlas: Getting memory for atlas 2
2015-04-21 19:02:53,428 DEBUG [AWT-EventQueue-0] stencyl.core.lib.Atlas: Getting memory for atlas 3
2015-04-21 19:02:53,457 DEBUG [AWT-EventQueue-0] stencyl.core.lib.io.read.SceneReader: Reading header for Scene: 0 (Level One) from: scenes/0.xml
2015-04-21 19:03:05,052 DEBUG [AWT-EventQueue-0] stencyl.sw.editors.scene.dialogs.ScenePropertiesPanel: This game has this num of scenes: 1
2015-04-21 19:03:05,123 DEBUG [AWT-EventQueue-0] stencyl.sw.app.doc.Workspace: Loading Closed Resource: FuBOOIA
2015-04-21 19:03:05,350 DEBUG [pool-1-thread-1] stencyl.sw.editors.scene.Designer: Brush Changed
2015-04-21 19:03:07,355 DEBUG [AWT-EventQueue-0] stencyl.sw.app.doc.Workspace: Activated: FuBOOIA
2015-04-21 19:03:07,617 DEBUG [pool-1-thread-1] stencyl.sw.editors.scene.Designer: Brush Changed
2015-04-21 19:03:07,640 DEBUG [pool-1-thread-1] stencyl.sw.editors.scene.Designer: Brush Changed
2015-04-21 19:03:07,667 DEBUG [pool-1-thread-1] stencyl.core.lib.io.read.SceneReader: Reading header for Scene: 0 (Level One) from: scenes/0.xml
2015-04-21 19:03:07,685 DEBUG [pool-1-thread-1] stencyl.sw.app.tasks.OpenResourceTask: Open Took 2561ms
2015-04-21 19:03:07,720 DEBUG [AWT-EventQueue-0] stencyl.sw.app.tasks.OpenResourceTask: Total Took 2596ms
2015-04-21 19:03:09,804 DEBUG [AWT-EventQueue-0] stencyl.sw.app.doc.Workspace: Activated: Dashboard
2015-04-21 19:03:42,766 DEBUG [AWT-EventQueue-0] stencyl.sw.app.App: Action: Save Game
2015-04-21 19:03:42,770 INFO  [pool-1-thread-1] stencyl.sw.io.write.MasterWriter: Saving game in place.
2015-04-21 19:03:42,792 DEBUG [pool-1-thread-1] stencyl.sw.util.FileHelper: Saving backup file /Users/milo/stencylworks/games/Invaders/game.xml.bak.
2015-04-21 19:03:44,620 DEBUG [pool-1-thread-1] stencyl.sw.io.write.MasterWriter: Writing out local resources.
2015-04-21 19:03:44,624 DEBUG [pool-1-thread-1] stencyl.sw.util.FileHelper: Saving backup file /Users/milo/stencylworks/games/Invaders/resources/data.xml.bak.
2015-04-21 19:03:44,626 DEBUG [pool-1-thread-1] stencyl.sw.io.write.resource.SpriteWriter: Mark actor's sprite as clean (disk).
2015-04-21 19:03:44,627 DEBUG [pool-1-thread-1] stencyl.sw.io.write.resource.FontWriter: Mark font as clean (disk).
2015-04-21 19:03:44,628 DEBUG [pool-1-thread-1] stencyl.sw.io.write.resource.SpriteWriter: Mark actor's sprite as clean (disk).
2015-04-21 19:03:44,628 DEBUG [pool-1-thread-1] stencyl.sw.io.write.resource.SpriteWriter: Mark actor's sprite as clean (disk).
2015-04-21 19:03:44,628 DEBUG [pool-1-thread-1] stencyl.sw.io.write.resource.BackgroundWriter: Skip writing out Background.
2015-04-21 19:03:44,629 DEBUG [pool-1-thread-1] stencyl.sw.io.write.resource.BackgroundWriter: Mark background as clean (disk).
2015-04-21 19:03:44,637 DEBUG [pool-1-thread-1] stencyl.sw.io.write.MasterWriter: Writing out scenes.
2015-04-21 19:03:44,649 DEBUG [pool-1-thread-1] stencyl.sw.editors.scene.SceneRenderer: Saving thumbnail: /Users/milo/stencylworks/games/Invaders/scenes/1.png
2015-04-21 19:03:44,660 DEBUG [pool-1-thread-1] stencyl.sw.io.write.resource.SceneWriter: Writing terrain.
2015-04-21 19:03:44,662 DEBUG [pool-1-thread-1] stencyl.core.physics.util.Combiner: Num Tiles: 0
2015-04-21 19:03:44,662 DEBUG [pool-1-thread-1] stencyl.core.physics.util.Combiner: Coverage: 0.0%
2015-04-21 19:03:44,663 DEBUG [pool-1-thread-1] stencyl.core.physics.util.Combiner: Segments: (1,1)
2015-04-21 19:03:44,663 DEBUG [pool-1-thread-1] stencyl.core.physics.util.Combiner: Using Pairwise
2015-04-21 19:03:44,663 DEBUG [pool-1-thread-1] stencyl.core.physics.util.Combiner: Combine took: 1ms
2015-04-21 19:03:44,663 DEBUG [pool-1-thread-1] stencyl.sw.io.write.resource.SceneWriter: Terrain processing took: 0ms
2015-04-21 19:03:44,783 DEBUG [pool-1-thread-1] stencyl.core.lib.io.read.SceneReader: Reading header for Scene: 0 (Level One) from: scenes/0.xml
2015-04-21 19:03:44,840 DEBUG [pool-1-thread-1] stencyl.sw.io.write.resource.ScenesWriter: Writing out Scene FuBOOIA
2015-04-21 19:03:44,840 DEBUG [pool-1-thread-1] stencyl.sw.io.write.MasterWriter: Copying over snippets.
2015-04-21 19:03:44,847 DEBUG [pool-1-thread-1] stencyl.sw.util.FileHelper: Saving backup file /Users/milo/stencylworks/games/Invaders/snippets/list.xml.bak.
2015-04-21 19:03:44,918 DEBUG [pool-1-thread-1] stencyl.sw.app.doc.StencylDoc: Marking as written to disk: FuBOOIA
2015-04-21 19:03:44,919 DEBUG [pool-1-thread-1] stencyl.sw.io.write.resource.SnippetsWriter: Copy from opened to disk: SceneEvents_1
2015-04-21 19:03:44,922 DEBUG [pool-1-thread-1] stencyl.sw.util.FileHelper: Trying to delete file that does not exist: /Users/milo/stencylworks/games/Invaders/behavior-hx/SceneEvents_1.hx
2015-04-21 19:03:44,923 DEBUG [pool-1-thread-1] stencyl.sw.io.write.resource.SnippetsWriter: Copied to: /Users/milo/stencylworks/games/Invaders/snippets/SceneEvents_1.design
2015-04-21 19:03:44,930 DEBUG [pool-1-thread-1] stencyl.sw.io.write.MasterWriter: Saving block favorites.
2015-04-21 19:03:44,942 INFO  [pool-1-thread-1] stencyl.sw.io.write.MasterWriter: Done writing game.
2015-04-21 19:03:46,693 INFO  [AWT-EventQueue-0] stencyl.sw.app.App: Attempting to quit out of Stencyl.
2015-04-21 19:03:50,390 INFO  [pool-1-thread-1] stencyl.sw.io.write.MasterWriter: Saving game in place.
2015-04-21 19:03:50,394 DEBUG [pool-1-thread-1] stencyl.sw.util.FileHelper: Saving backup file /Users/milo/stencylworks/games/Invaders/game.xml.bak.
2015-04-21 19:03:51,497 DEBUG [pool-1-thread-1] stencyl.sw.io.write.MasterWriter: Writing out local resources.
2015-04-21 19:03:51,499 DEBUG [pool-1-thread-1] stencyl.sw.util.FileHelper: Saving backup file /Users/milo/stencylworks/games/Invaders/resources/data.xml.bak.
2015-04-21 19:03:51,500 DEBUG [pool-1-thread-1] stencyl.sw.io.write.resource.SpriteWriter: Mark actor's sprite as clean (disk).
2015-04-21 19:03:51,501 DEBUG [pool-1-thread-1] stencyl.sw.io.write.resource.FontWriter: Mark font as clean (disk).
2015-04-21 19:03:51,501 DEBUG [pool-1-thread-1] stencyl.sw.io.write.resource.SpriteWriter: Mark actor's sprite as clean (disk).
2015-04-21 19:03:51,501 DEBUG [pool-1-thread-1] stencyl.sw.io.write.resource.SpriteWriter: Mark actor's sprite as clean (disk).
2015-04-21 19:03:51,502 DEBUG [pool-1-thread-1] stencyl.sw.io.write.resource.BackgroundWriter: Skip writing out Background.
2015-04-21 19:03:51,502 DEBUG [pool-1-thread-1] stencyl.sw.io.write.resource.BackgroundWriter: Mark background as clean (disk).
2015-04-21 19:03:51,504 DEBUG [pool-1-thread-1] stencyl.sw.io.write.MasterWriter: Writing out scenes.
2015-04-21 19:03:51,508 DEBUG [pool-1-thread-1] stencyl.sw.editors.scene.SceneRenderer: Saving thumbnail: /Users/milo/stencylworks/games/Invaders/scenes/1.png
2015-04-21 19:03:51,518 DEBUG [pool-1-thread-1] stencyl.sw.io.write.resource.SceneWriter: Writing terrain.
2015-04-21 19:03:51,519 DEBUG [pool-1-thread-1] stencyl.core.physics.util.Combiner: Num Tiles: 0
2015-04-21 19:03:51,519 DEBUG [pool-1-thread-1] stencyl.core.physics.util.Combiner: Coverage: 0.0%
2015-04-21 19:03:51,519 DEBUG [pool-1-thread-1] stencyl.core.physics.util.Combiner: Segments: (1,1)
2015-04-21 19:03:51,519 DEBUG [pool-1-thread-1] stencyl.core.physics.util.Combiner: Using Pairwise
2015-04-21 19:03:51,519 DEBUG [pool-1-thread-1] stencyl.core.physics.util.Combiner: Combine took: 0ms
2015-04-21 19:03:51,519 DEBUG [pool-1-thread-1] stencyl.sw.io.write.resource.SceneWriter: Terrain processing took: 0ms
2015-04-21 19:03:51,534 DEBUG [pool-1-thread-1] stencyl.core.lib.io.read.SceneReader: Reading header for Scene: 0 (Level One) from: scenes/0.xml
2015-04-21 19:03:51,543 DEBUG [pool-1-thread-1] stencyl.sw.io.write.resource.ScenesWriter: Writing out Scene FuBOOIA
2015-04-21 19:03:51,544 DEBUG [pool-1-thread-1] stencyl.sw.io.write.MasterWriter: Copying over snippets.
2015-04-21 19:03:51,549 DEBUG [pool-1-thread-1] stencyl.sw.util.FileHelper: Saving backup file /Users/milo/stencylworks/games/Invaders/snippets/list.xml.bak.
2015-04-21 19:03:51,566 DEBUG [pool-1-thread-1] stencyl.sw.io.write.resource.SnippetsWriter: Copy from opened to disk: SceneEvents_1
2015-04-21 19:03:51,567 DEBUG [pool-1-thread-1] stencyl.sw.util.FileHelper: Trying to delete file that does not exist: /Users/milo/stencylworks/games/Invaders/behavior-hx/SceneEvents_1.hx
2015-04-21 19:03:51,703 DEBUG [pool-1-thread-1] stencyl.sw.io.write.resource.SnippetsWriter: Copied to: /Users/milo/stencylworks/games/Invaders/snippets/SceneEvents_1.design
2015-04-21 19:03:51,712 DEBUG [pool-1-thread-1] stencyl.sw.io.write.MasterWriter: Saving block favorites.
2015-04-21 19:03:51,716 INFO  [pool-1-thread-1] stencyl.sw.io.write.MasterWriter: Done writing game.
2015-04-21 19:03:51,753 DEBUG [AWT-EventQueue-0] stencyl.sw.util.Util: Running command: [killall, neko]
2015-04-21 19:03:51,759 DEBUG [Thread-5] stencyl.sw.util.StreamGobbler: [killall] No matching processes belonging to you were found
2015-04-21 19:03:51,760 DEBUG [AWT-EventQueue-0] stencyl.sw.util.Util: Process 'killall' exited with code: 1
2015-04-21 19:03:51,760 DEBUG [AWT-EventQueue-0] stencyl.sw.util.Util: Running command: [killall, adb]
2015-04-21 19:03:51,766 DEBUG [Thread-6] stencyl.sw.util.StreamGobbler: [killall] No matching processes belonging to you were found
2015-04-21 19:03:51,767 DEBUG [AWT-EventQueue-0] stencyl.sw.util.Util: Process 'killall' exited with code: 1
2015-04-21 19:03:51,767 DEBUG [AWT-EventQueue-0] stencyl.sw.util.Util: Running command: [killall, arm-linux-androideabi-g++]
2015-04-21 19:03:51,774 DEBUG [Thread-7] stencyl.sw.util.StreamGobbler: [killall] No matching processes belonging to you were found
2015-04-21 19:03:51,775 DEBUG [AWT-EventQueue-0] stencyl.sw.util.Util: Process 'killall' exited with code: 1
2015-04-21 19:03:51,775 DEBUG [AWT-EventQueue-0] stencyl.sw.util.Util: Running command: [killall, cc1plus]
2015-04-21 19:03:51,781 DEBUG [Thread-8] stencyl.sw.util.StreamGobbler: [killall] No matching processes belonging to you were found
2015-04-21 19:03:51,782 DEBUG [AWT-EventQueue-0] stencyl.sw.util.Util: Process 'killall' exited with code: 1
2015-04-21 19:03:51,782 DEBUG [AWT-EventQueue-0] stencyl.sw.util.Util: Running command: [killall, tail]
2015-04-21 19:03:51,789 DEBUG [Thread-9] stencyl.sw.util.StreamGobbler: [killall] No matching processes belonging to you were found
2015-04-21 19:03:51,789 DEBUG [AWT-EventQueue-0] stencyl.sw.util.Util: Process 'killall' exited with code: 1
2015-04-21 19:03:51,790 DEBUG [AWT-EventQueue-0] stencyl.sw.util.Util: Running command: [killall, ios-sim]
2015-04-21 19:03:51,795 DEBUG [Thread-10] stencyl.sw.util.StreamGobbler: [killall] No matching processes belonging to you were found
2015-04-21 19:03:51,796 DEBUG [AWT-EventQueue-0] stencyl.sw.util.Util: Process 'killall' exited with code: 1
2015-04-21 19:03:51,796 DEBUG [AWT-EventQueue-0] stencyl.sw.app.App: Destroying extensions.
2015-04-21 19:03:51,796 DEBUG [AWT-EventQueue-0] stencyl.sw.app.App: Destroying Temporary Sandbox.
2015-04-21 19:03:51,796 DEBUG [AWT-EventQueue-0] stencyl.sw.util.FileHelper: Deleting: /private/var/folders/wc/3f7x7yk54vvbmfdgqmbr7x780000gn/T/stencyl9172661182994506364
2015-04-21 19:03:51,797 DEBUG [AWT-EventQueue-0] stencyl.sw.app.App: Performing final close.
2015-04-21 19:03:51,798 INFO  [AWT-EventQueue-0] stencyl.sw.app.App: Exiting...
