2015-04-21 19:01:08,327 INFO  [main] stencyl.sw.Session: Logfile: /Users/Yago/stencylworks/logs/2015-04-21_19-01-08.log
2015-04-21 19:01:08,334 INFO  [main] stencyl.sw.Session: OS Name: Mac OS X
2015-04-21 19:01:08,334 INFO  [main] stencyl.sw.Session: OS Version: 10.10.3
2015-04-21 19:01:08,334 INFO  [main] stencyl.sw.Session: Java Version: 1.6.0_65
2015-04-21 19:01:08,335 INFO  [main] stencyl.sw.Session: Stencyl Version: 3.3.0 (b8281)
2015-04-21 19:01:08,335 INFO  [main] stencyl.sw.Session: Stencyl Workspace: /Users/Yago/
2015-04-21 19:01:08,336 INFO  [main] stencyl.sw.Session: Current Working Directory: /Applications/Stencyl-full
2015-04-21 19:01:08,370 DEBUG [main] stencyl.sw.util.FileHelper: Deleting: /var/folders/d6/rls9bn050jd_xrbvgnnmxnd40000gn/T/stencyl280176932237829480
2015-04-21 19:01:08,372 INFO  [AWT-EventQueue-0] stencyl.sw.SW: Initializing Stencyl.
2015-04-21 19:01:08,608 DEBUG [Thread-4] stencyl.sw.util.StreamGobbler: [xcodebuild] Xcode 6.3.1
2015-04-21 19:01:08,619 DEBUG [Thread-4] stencyl.sw.util.StreamGobbler: [xcodebuild] Build version 6D1002
2015-04-21 19:01:08,636 INFO  [AWT-EventQueue-0] stencyl.sw.app.filewatcher.ExternalAppLauncher: Xcode found in the /Applications/Xcode.app/Contents/Developer directory (4.3 or newer).
2015-04-21 19:01:08,637 INFO  [AWT-EventQueue-0] stencyl.sw.app.filewatcher.ExternalAppLauncher: Xcode Version: 6.3
2015-04-21 19:01:08,638 DEBUG [AWT-EventQueue-0] stencyl.sw.editors.game.advanced.EngineExtension: Loading engine extensions...
2015-04-21 19:01:08,639 DEBUG [AWT-EventQueue-0] stencyl.sw.util.FileHelper: Contents of /Users/Yago/stencylworks/engine-extensions: []
2015-04-21 19:01:08,639 INFO  [AWT-EventQueue-0] stencyl.sw.editors.game.advanced.EngineExtension: Engine Extensions: []
2015-04-21 19:01:08,644 DEBUG [AWT-EventQueue-0] stencyl.sw.util.FileHelper: Contents of /Users/Yago/stencylworks/extensions: []
2015-04-21 19:01:09,225 DEBUG [AWT-EventQueue-0] stencyl.sw.app.doc.Workspace: Activated: Welcome Center
2015-04-21 19:01:09,228 DEBUG [AWT-EventQueue-0] stencyl.sw.app.App: Silent Authentication.
2015-04-21 19:01:09,344 DEBUG [pool-1-thread-1] stencyl.sw.app.tasks.AuthenticateTask: Response: user:::plans0
2015-04-21 19:01:09,345 DEBUG [pool-1-thread-1] stencyl.sw.util.FileHelper: Deleting: /Users/Yago/stencylworks/prefs/auth.txt
2015-04-21 19:01:09,351 INFO  [pool-1-thread-1] stencyl.sw.app.tasks.AuthenticateTask: Logged in as: RipeTheWorld
2015-04-21 19:01:09,351 INFO  [pool-1-thread-1] stencyl.sw.app.tasks.AuthenticateTask: Usergroup: Registered
2015-04-21 19:01:09,643 DEBUG [pool-1-thread-1] stencyl.sw.app.tasks.AuthenticateTask: 200
2015-04-21 19:01:14,043 DEBUG [AWT-EventQueue-0] stencyl.sw.app.App: Opening URL in browser: http://www.stencyl.com/developers/samples/
2015-04-21 19:01:14,046 DEBUG [AWT-EventQueue-0] stencyl.sw.util.net.LaunchBrowser: invoking isDesktopSupported
2015-04-21 19:01:14,047 DEBUG [AWT-EventQueue-0] stencyl.sw.util.net.LaunchBrowser: Launching http://www.stencyl.com/developers/samples/ using Desktop.browse()
2015-04-21 19:06:46,124 INFO  [AWT-EventQueue-0] stencyl.sw.app.App: Attempting to quit out of Stencyl.
2015-04-21 19:06:46,125 DEBUG [AWT-EventQueue-0] stencyl.sw.util.Util: Running command: [killall, neko]
2015-04-21 19:06:46,137 DEBUG [Thread-7] stencyl.sw.util.StreamGobbler: [killall] No matching processes belonging to you were found
2015-04-21 19:06:46,138 DEBUG [AWT-EventQueue-0] stencyl.sw.util.Util: Process 'killall' exited with code: 1
2015-04-21 19:06:46,138 DEBUG [AWT-EventQueue-0] stencyl.sw.util.Util: Running command: [killall, adb]
2015-04-21 19:06:46,149 DEBUG [Thread-8] stencyl.sw.util.StreamGobbler: [killall] No matching processes belonging to you were found
2015-04-21 19:06:46,149 DEBUG [AWT-EventQueue-0] stencyl.sw.util.Util: Process 'killall' exited with code: 1
2015-04-21 19:06:46,149 DEBUG [AWT-EventQueue-0] stencyl.sw.util.Util: Running command: [killall, arm-linux-androideabi-g++]
2015-04-21 19:06:46,163 DEBUG [AWT-EventQueue-0] stencyl.sw.util.Util: Process 'killall' exited with code: 1
2015-04-21 19:06:46,163 DEBUG [Thread-9] stencyl.sw.util.StreamGobbler: [killall] No matching processes belonging to you were found
2015-04-21 19:06:46,163 DEBUG [AWT-EventQueue-0] stencyl.sw.util.Util: Running command: [killall, cc1plus]
2015-04-21 19:06:46,174 DEBUG [Thread-10] stencyl.sw.util.StreamGobbler: [killall] No matching processes belonging to you were found
2015-04-21 19:06:46,174 DEBUG [AWT-EventQueue-0] stencyl.sw.util.Util: Process 'killall' exited with code: 1
2015-04-21 19:06:46,174 DEBUG [AWT-EventQueue-0] stencyl.sw.util.Util: Running command: [killall, tail]
2015-04-21 19:06:46,187 DEBUG [Thread-11] stencyl.sw.util.StreamGobbler: [killall] No matching processes belonging to you were found
2015-04-21 19:06:46,187 DEBUG [AWT-EventQueue-0] stencyl.sw.util.Util: Process 'killall' exited with code: 1
2015-04-21 19:06:46,188 DEBUG [AWT-EventQueue-0] stencyl.sw.util.Util: Running command: [killall, ios-sim]
2015-04-21 19:06:46,198 DEBUG [Thread-12] stencyl.sw.util.StreamGobbler: [killall] No matching processes belonging to you were found
2015-04-21 19:06:46,198 DEBUG [AWT-EventQueue-0] stencyl.sw.util.Util: Process 'killall' exited with code: 1
2015-04-21 19:06:46,199 DEBUG [AWT-EventQueue-0] stencyl.sw.app.App: Destroying extensions.
2015-04-21 19:06:46,199 DEBUG [AWT-EventQueue-0] stencyl.sw.app.App: Destroying Temporary Sandbox.
2015-04-21 19:06:46,199 DEBUG [AWT-EventQueue-0] stencyl.sw.util.FileHelper: Deleting: /private/var/folders/d6/rls9bn050jd_xrbvgnnmxnd40000gn/T/stencyl280176932237829480
2015-04-21 19:06:46,200 DEBUG [AWT-EventQueue-0] stencyl.sw.app.App: Performing final close.
2015-04-21 19:06:46,202 INFO  [AWT-EventQueue-0] stencyl.sw.app.App: Exiting...
