2015-04-21 13:49:16,033 INFO  [main] stencyl.sw.Session: Logfile: /Users/Yago/stencylworks/logs/2015-04-21_13-49-15.log
2015-04-21 13:49:16,037 INFO  [main] stencyl.sw.Session: OS Name: Mac OS X
2015-04-21 13:49:16,038 INFO  [main] stencyl.sw.Session: OS Version: 10.10.2
2015-04-21 13:49:16,038 INFO  [main] stencyl.sw.Session: Java Version: 1.6.0_65
2015-04-21 13:49:16,038 INFO  [main] stencyl.sw.Session: Stencyl Version: 3.3.0 (b8281)
2015-04-21 13:49:16,039 INFO  [main] stencyl.sw.Session: Stencyl Workspace: /Users/Yago/
2015-04-21 13:49:16,039 INFO  [main] stencyl.sw.Session: Current Working Directory: /Applications/Stencyl-full
2015-04-21 13:49:16,077 DEBUG [main] stencyl.sw.util.FileHelper: Deleting: /var/folders/d6/rls9bn050jd_xrbvgnnmxnd40000gn/T/stencyl2116651305892642887
2015-04-21 13:49:16,079 INFO  [AWT-EventQueue-0] stencyl.sw.SW: Initializing Stencyl.
2015-04-21 13:49:16,143 DEBUG [Thread-4] stencyl.sw.util.StreamGobbler: [xcodebuild] Xcode 6.3
2015-04-21 13:49:16,145 DEBUG [Thread-4] stencyl.sw.util.StreamGobbler: [xcodebuild] Build version 6D570
2015-04-21 13:49:16,151 INFO  [AWT-EventQueue-0] stencyl.sw.app.filewatcher.ExternalAppLauncher: Xcode found in the /Applications/Xcode.app/Contents/Developer directory (4.3 or newer).
2015-04-21 13:49:16,151 INFO  [AWT-EventQueue-0] stencyl.sw.app.filewatcher.ExternalAppLauncher: Xcode Version: 6.3
2015-04-21 13:49:16,152 DEBUG [AWT-EventQueue-0] stencyl.sw.editors.game.advanced.EngineExtension: Loading engine extensions...
2015-04-21 13:49:16,153 DEBUG [AWT-EventQueue-0] stencyl.sw.util.FileHelper: Contents of /Users/Yago/stencylworks/engine-extensions: []
2015-04-21 13:49:16,153 INFO  [AWT-EventQueue-0] stencyl.sw.editors.game.advanced.EngineExtension: Engine Extensions: []
2015-04-21 13:49:16,157 DEBUG [AWT-EventQueue-0] stencyl.sw.util.FileHelper: Contents of /Users/Yago/stencylworks/extensions: []
2015-04-21 13:49:16,788 DEBUG [AWT-EventQueue-0] stencyl.sw.app.doc.Workspace: Activated: Welcome Center
2015-04-21 13:49:16,792 DEBUG [AWT-EventQueue-0] stencyl.sw.app.App: Silent Authentication.
2015-04-21 13:49:17,078 DEBUG [pool-1-thread-1] stencyl.sw.app.tasks.AuthenticateTask: Response: user:::plans0
2015-04-21 13:49:17,078 DEBUG [pool-1-thread-1] stencyl.sw.util.FileHelper: Deleting: /Users/Yago/stencylworks/prefs/auth.txt
2015-04-21 13:49:17,084 INFO  [pool-1-thread-1] stencyl.sw.app.tasks.AuthenticateTask: Logged in as: RipeTheWorld
2015-04-21 13:49:17,084 INFO  [pool-1-thread-1] stencyl.sw.app.tasks.AuthenticateTask: Usergroup: Registered
2015-04-21 13:49:17,408 DEBUG [pool-1-thread-1] stencyl.sw.app.tasks.AuthenticateTask: 200
2015-04-21 13:49:27,302 DEBUG [AWT-EventQueue-0] stencyl.sw.app.App: Opening URL in browser: http://www.stencyl.com/developers/samples/
2015-04-21 13:49:27,306 DEBUG [AWT-EventQueue-0] stencyl.sw.util.net.LaunchBrowser: invoking isDesktopSupported
2015-04-21 13:49:27,307 DEBUG [AWT-EventQueue-0] stencyl.sw.util.net.LaunchBrowser: Launching http://www.stencyl.com/developers/samples/ using Desktop.browse()
2015-04-21 13:49:32,409 DEBUG [AWT-EventQueue-0] stencyl.sw.util.Util: Running command: [open, -R, /Users/Yago/stencylworks/games]
2015-04-21 13:49:33,449 DEBUG [AWT-EventQueue-0] stencyl.sw.util.Util: Running command: [open, -R, /Users/Yago/stencylworks/games]
2015-04-21 13:50:18,893 DEBUG [AWT-EventQueue-0] stencyl.sw.app.App: Opening URL in browser: http://www.stencyl.com/help/view/crash-course/
2015-04-21 13:50:18,894 DEBUG [AWT-EventQueue-0] stencyl.sw.util.net.LaunchBrowser: invoking isDesktopSupported
2015-04-21 13:50:18,894 DEBUG [AWT-EventQueue-0] stencyl.sw.util.net.LaunchBrowser: Launching http://www.stencyl.com/help/view/crash-course/ using Desktop.browse()
2015-04-21 13:50:35,307 DEBUG [AWT-EventQueue-0] stencyl.sw.app.App: Opening URL in browser: http://www.stencyl.com/developers/samples/
2015-04-21 13:50:35,307 DEBUG [AWT-EventQueue-0] stencyl.sw.util.net.LaunchBrowser: invoking isDesktopSupported
2015-04-21 13:50:35,307 DEBUG [AWT-EventQueue-0] stencyl.sw.util.net.LaunchBrowser: Launching http://www.stencyl.com/developers/samples/ using Desktop.browse()
2015-04-21 13:51:05,263 DEBUG [AWT-EventQueue-0] stencyl.sw.app.App: Opening URL in browser: http://www.stencyl.com/developers/samples/
2015-04-21 13:51:05,263 DEBUG [AWT-EventQueue-0] stencyl.sw.util.net.LaunchBrowser: invoking isDesktopSupported
2015-04-21 13:51:05,264 DEBUG [AWT-EventQueue-0] stencyl.sw.util.net.LaunchBrowser: Launching http://www.stencyl.com/developers/samples/ using Desktop.browse()
2015-04-21 13:51:10,130 DEBUG [AWT-EventQueue-0] stencyl.sw.util.Util: Running command: [open, -R, /Users/Yago/stencylworks/games]
2015-04-21 13:51:51,711 INFO  [AWT-EventQueue-0] stencyl.sw.app.App: Attempting to quit out of Stencyl.
2015-04-21 13:51:51,711 DEBUG [AWT-EventQueue-0] stencyl.sw.util.Util: Running command: [killall, neko]
2015-04-21 13:51:51,724 DEBUG [Thread-10] stencyl.sw.util.StreamGobbler: [killall] No matching processes belonging to you were found
2015-04-21 13:51:51,724 DEBUG [AWT-EventQueue-0] stencyl.sw.util.Util: Process 'killall' exited with code: 1
2015-04-21 13:51:51,725 DEBUG [AWT-EventQueue-0] stencyl.sw.util.Util: Running command: [killall, adb]
2015-04-21 13:51:51,735 DEBUG [Thread-11] stencyl.sw.util.StreamGobbler: [killall] No matching processes belonging to you were found
2015-04-21 13:51:51,735 DEBUG [AWT-EventQueue-0] stencyl.sw.util.Util: Process 'killall' exited with code: 1
2015-04-21 13:51:51,737 DEBUG [AWT-EventQueue-0] stencyl.sw.util.Util: Running command: [killall, arm-linux-androideabi-g++]
2015-04-21 13:51:51,748 DEBUG [Thread-12] stencyl.sw.util.StreamGobbler: [killall] No matching processes belonging to you were found
2015-04-21 13:51:51,749 DEBUG [AWT-EventQueue-0] stencyl.sw.util.Util: Process 'killall' exited with code: 1
2015-04-21 13:51:51,750 DEBUG [AWT-EventQueue-0] stencyl.sw.util.Util: Running command: [killall, cc1plus]
2015-04-21 13:51:51,761 DEBUG [Thread-13] stencyl.sw.util.StreamGobbler: [killall] No matching processes belonging to you were found
2015-04-21 13:51:51,761 DEBUG [AWT-EventQueue-0] stencyl.sw.util.Util: Process 'killall' exited with code: 1
2015-04-21 13:51:51,762 DEBUG [AWT-EventQueue-0] stencyl.sw.util.Util: Running command: [killall, tail]
2015-04-21 13:51:51,772 DEBUG [Thread-14] stencyl.sw.util.StreamGobbler: [killall] No matching processes belonging to you were found
2015-04-21 13:51:51,772 DEBUG [AWT-EventQueue-0] stencyl.sw.util.Util: Process 'killall' exited with code: 1
2015-04-21 13:51:51,773 DEBUG [AWT-EventQueue-0] stencyl.sw.util.Util: Running command: [killall, ios-sim]
2015-04-21 13:51:51,782 DEBUG [Thread-15] stencyl.sw.util.StreamGobbler: [killall] No matching processes belonging to you were found
2015-04-21 13:51:51,783 DEBUG [AWT-EventQueue-0] stencyl.sw.util.Util: Process 'killall' exited with code: 1
2015-04-21 13:51:51,785 DEBUG [AWT-EventQueue-0] stencyl.sw.app.App: Destroying extensions.
2015-04-21 13:51:51,785 DEBUG [AWT-EventQueue-0] stencyl.sw.app.App: Destroying Temporary Sandbox.
2015-04-21 13:51:51,785 DEBUG [AWT-EventQueue-0] stencyl.sw.util.FileHelper: Deleting: /private/var/folders/d6/rls9bn050jd_xrbvgnnmxnd40000gn/T/stencyl2116651305892642887
2015-04-21 13:51:51,786 DEBUG [AWT-EventQueue-0] stencyl.sw.app.App: Performing final close.
2015-04-21 13:51:51,789 INFO  [AWT-EventQueue-0] stencyl.sw.app.App: Exiting...
